1545471098587	geckodriver	INFO	Listening on 127.0.0.1:51328
1545471102894	mozprofile::profile	INFO	Using profile path C:\Users\mhf\AppData\Local\Temp\rust_mozprofile.XMveZuS3YYCb
1545471103988	geckodriver::marionette	INFO	Starting browser C:\Program Files\Mozilla Firefox45\firefox.exe with args []
1545471104340	geckodriver::marionette	INFO	Connecting to Marionette on localhost:51336
1545471105289	addons.manager	DEBUG	Loaded provider scope for resource://gre/modules/addons/XPIProvider.jsm: ["XPIProvider"]
1545471105291	addons.manager	DEBUG	Loaded provider scope for resource://gre/modules/LightweightThemeManager.jsm: ["LightweightThemeManager"]
1545471105292	addons.manager	DEBUG	Loaded provider scope for resource://gre/modules/addons/GMPProvider.jsm
1545471105306	addons.manager	DEBUG	Loaded provider scope for resource://gre/modules/addons/PluginProvider.jsm
1545471105307	addons.manager	DEBUG	Starting provider: XPIProvider
1545471105307	addons.xpi	DEBUG	startup
1545471105310	addons.xpi	INFO	Mapping cehomepage@mozillaonline.com to C:\Users\mhf\AppData\Local\Temp\rust_mozprofile.XMveZuS3YYCb\extensions\cehomepage@mozillaonline.com.xpi
1545471105310	addons.xpi	INFO	Mapping coba@mozilla.com.cn to C:\Users\mhf\AppData\Local\Temp\rust_mozprofile.XMveZuS3YYCb\extensions\coba@mozilla.com.cn.xpi
1545471105311	addons.xpi	INFO	Mapping cpmanager@mozillaonline.com to C:\Users\mhf\AppData\Local\Temp\rust_mozprofile.XMveZuS3YYCb\extensions\cpmanager@mozillaonline.com.xpi
1545471105312	addons.xpi	INFO	Mapping easyscreenshot@mozillaonline.com to C:\Users\mhf\AppData\Local\Temp\rust_mozprofile.XMveZuS3YYCb\extensions\easyscreenshot@mozillaonline.com.xpi
1545471105314	addons.xpi	INFO	Mapping firebug@software.joehewitt.com to C:\Users\mhf\AppData\Local\Temp\rust_mozprofile.XMveZuS3YYCb\extensions\firebug@software.joehewitt.com.xpi
1545471105315	addons.xpi	INFO	Mapping FireXPath@pierre.tholence.com to C:\Users\mhf\AppData\Local\Temp\rust_mozprofile.XMveZuS3YYCb\extensions\FireXPath@pierre.tholence.com.xpi
1545471105316	addons.xpi	INFO	Mapping tabtweak@mozillaonline.com to C:\Users\mhf\AppData\Local\Temp\rust_mozprofile.XMveZuS3YYCb\extensions\tabtweak@mozillaonline.com.xpi
1545471105317	addons.xpi	INFO	Mapping wx-assistant@mozillaonline.com to C:\Users\mhf\AppData\Local\Temp\rust_mozprofile.XMveZuS3YYCb\extensions\wx-assistant@mozillaonline.com.xpi
1545471105318	addons.xpi	INFO	Mapping {02450914-cdd9-410f-b1da-db004e18c671} to C:\Users\mhf\AppData\Local\Temp\rust_mozprofile.XMveZuS3YYCb\extensions\{02450914-cdd9-410f-b1da-db004e18c671}.xpi
1545471105318	addons.xpi	INFO	SystemAddonInstallLocation directory is missing
1545471105320	addons.xpi	INFO	Mapping loop@mozilla.org to C:\Program Files\Mozilla Firefox45\browser\features\loop@mozilla.org.xpi
1545471105323	addons.xpi	INFO	Mapping {972ce4c6-7e08-4474-a285-3208198ce6fd} to C:\Program Files\Mozilla Firefox45\browser\extensions\{972ce4c6-7e08-4474-a285-3208198ce6fd}.xpi
1545471105323	addons.xpi	DEBUG	checkForChanges
1545471105325	addons.xpi	DEBUG	Loaded add-on state from prefs: {"app-profile":{"cehomepage@mozillaonline.com":{"d":"C:\\Users\\mhf\\AppData\\Roaming\\Mozilla\\Firefox\\Profiles\\cv6txwo2.default\\extensions\\cehomepage@mozillaonline.com.xpi","e":false,"v":"3.62","st":1536489568713},"coba@mozilla.com.cn":{"d":"C:\\Users\\mhf\\AppData\\Roaming\\Mozilla\\Firefox\\Profiles\\cv6txwo2.default\\extensions\\coba@mozilla.com.cn.xpi","e":false,"v":"4.57","st":1525509419862},"cpmanager@mozillaonline.com":{"d":"C:\\Users\\mhf\\AppData\\Roaming\\Mozilla\\Firefox\\Profiles\\cv6txwo2.default\\extensions\\cpmanager@mozillaonline.com.xpi","e":false,"v":"4.62.1","st":1536489568935},"easyscreenshot@mozillaonline.com":{"d":"C:\\Users\\mhf\\AppData\\Roaming\\Mozilla\\Firefox\\Profiles\\cv6txwo2.default\\extensions\\easyscreenshot@mozillaonline.com.xpi","e":false,"v":"3.57","st":1525509419904},"firebug@software.joehewitt.com":{"d":"C:\\Users\\mhf\\AppData\\Roaming\\Mozilla\\Firefox\\Profiles\\cv6txwo2.default\\extensions\\firebug@software.joehewitt.com.xpi","e":true,"v":"2.0.19","st":1537580196282},"FireXPath@pierre.tholence.com":{"d":"C:\\Users\\mhf\\AppData\\Roaming\\Mozilla\\Firefox\\Profiles\\cv6txwo2.default\\extensions\\FireXPath@pierre.tholence.com.xpi","e":true,"v":"0.9.7.1.1-signed.1-signed","st":1537622082023},"tabtweak@mozillaonline.com":{"d":"C:\\Users\\mhf\\AppData\\Roaming\\Mozilla\\Firefox\\Profiles\\cv6txwo2.default\\extensions\\tabtweak@mozillaonline.com.xpi","e":false,"v":"5.61","st":1530628191405},"wx-assistant@mozillaonline.com":{"d":"C:\\Users\\mhf\\AppData\\Roaming\\Mozilla\\Firefox\\Profiles\\cv6txwo2.default\\extensions\\wx-assistant@mozillaonline.com.xpi","e":false,"v":"2.59","st":1525509420030},"{02450914-cdd9-410f-b1da-db004e18c671}":{"d":"C:\\Users\\mhf\\AppData\\Roaming\\Mozilla\\Firefox\\Profiles\\cv6txwo2.default\\extensions\\{02450914-cdd9-410f-b1da-db004e18c671}.xpi","e":true,"v":"0.99.12","st":1538345143992}},"app-system-defaults":{"loop@mozilla.org":{"d":"C:\\Program Files\\Mozilla Firefox45\\browser\\features\\loop@mozilla.org.xpi","e":false,"v":"0.1","st":1457059299778}},"app-global":{"{972ce4c6-7e08-4474-a285-3208198ce6fd}":{"d":"C:\\Program Files\\Mozilla Firefox45\\browser\\extensions\\{972ce4c6-7e08-4474-a285-3208198ce6fd}.xpi","e":true,"v":"45.0","st":1457059299662}}}
1545471105328	addons.xpi	DEBUG	Changed add-on cehomepage@mozillaonline.com in app-profile
1545471105329	addons.xpi	DEBUG	Changed add-on coba@mozilla.com.cn in app-profile
1545471105331	addons.xpi	DEBUG	Changed add-on cpmanager@mozillaonline.com in app-profile
1545471105332	addons.xpi	DEBUG	Changed add-on easyscreenshot@mozillaonline.com in app-profile
1545471105333	addons.xpi	DEBUG	getModTime: Recursive scan of firebug@software.joehewitt.com
1545471105334	addons.xpi	DEBUG	Changed add-on firebug@software.joehewitt.com in app-profile
1545471105335	addons.xpi	DEBUG	getModTime: Recursive scan of FireXPath@pierre.tholence.com
1545471105336	addons.xpi	DEBUG	Changed add-on FireXPath@pierre.tholence.com in app-profile
1545471105337	addons.xpi	DEBUG	Changed add-on tabtweak@mozillaonline.com in app-profile
1545471105338	addons.xpi	DEBUG	Changed add-on wx-assistant@mozillaonline.com in app-profile
1545471105339	addons.xpi	DEBUG	getModTime: Recursive scan of {02450914-cdd9-410f-b1da-db004e18c671}
1545471105340	addons.xpi	DEBUG	Changed add-on {02450914-cdd9-410f-b1da-db004e18c671} in app-profile
1545471105342	addons.xpi	DEBUG	Changed add-on loop@mozilla.org in app-system-defaults
1545471105342	addons.xpi	DEBUG	getModTime: Recursive scan of {972ce4c6-7e08-4474-a285-3208198ce6fd}
1545471105343	addons.xpi	DEBUG	Changed add-on {972ce4c6-7e08-4474-a285-3208198ce6fd} in app-global
1545471105344	addons.xpi	DEBUG	getInstallState changed: true, state: {"app-profile":{"cehomepage@mozillaonline.com":{"d":"C:\\Users\\mhf\\AppData\\Local\\Temp\\rust_mozprofile.XMveZuS3YYCb\\extensions\\cehomepage@mozillaonline.com.xpi","e":false,"v":"3.62","st":1545471103324},"coba@mozilla.com.cn":{"d":"C:\\Users\\mhf\\AppData\\Local\\Temp\\rust_mozprofile.XMveZuS3YYCb\\extensions\\coba@mozilla.com.cn.xpi","e":false,"v":"4.57","st":1545471103325},"cpmanager@mozillaonline.com":{"d":"C:\\Users\\mhf\\AppData\\Local\\Temp\\rust_mozprofile.XMveZuS3YYCb\\extensions\\cpmanager@mozillaonline.com.xpi","e":false,"v":"4.62.1","st":1545471103327},"easyscreenshot@mozillaonline.com":{"d":"C:\\Users\\mhf\\AppData\\Local\\Temp\\rust_mozprofile.XMveZuS3YYCb\\extensions\\easyscreenshot@mozillaonline.com.xpi","e":false,"v":"3.57","st":1545471103329},"firebug@software.joehewitt.com":{"d":"C:\\Users\\mhf\\AppData\\Local\\Temp\\rust_mozprofile.XMveZuS3YYCb\\extensions\\firebug@software.joehewitt.com.xpi","e":true,"v":"2.0.19","st":1545471103363},"FireXPath@pierre.tholence.com":{"d":"C:\\Users\\mhf\\AppData\\Local\\Temp\\rust_mozprofile.XMveZuS3YYCb\\extensions\\FireXPath@pierre.tholence.com.xpi","e":true,"v":"0.9.7.1.1-signed.1-signed","st":1545471103365},"tabtweak@mozillaonline.com":{"d":"C:\\Users\\mhf\\AppData\\Local\\Temp\\rust_mozprofile.XMveZuS3YYCb\\extensions\\tabtweak@mozillaonline.com.xpi","e":false,"v":"5.61","st":1545471103366},"wx-assistant@mozillaonline.com":{"d":"C:\\Users\\mhf\\AppData\\Local\\Temp\\rust_mozprofile.XMveZuS3YYCb\\extensions\\wx-assistant@mozillaonline.com.xpi","e":false,"v":"2.59","st":1545471103367},"{02450914-cdd9-410f-b1da-db004e18c671}":{"d":"C:\\Users\\mhf\\AppData\\Local\\Temp\\rust_mozprofile.XMveZuS3YYCb\\extensions\\{02450914-cdd9-410f-b1da-db004e18c671}.xpi","e":true,"v":"0.99.12","st":1545471103370}},"app-system-defaults":{"loop@mozilla.org":{"d":"C:\\Program Files\\Mozilla Firefox45\\browser\\features\\loop@mozilla.org.xpi","e":false,"v":"0.1","st":1457059299778}},"app-global":{"{972ce4c6-7e08-4474-a285-3208198ce6fd}":{"d":"C:\\Program Files\\Mozilla Firefox45\\browser\\extensions\\{972ce4c6-7e08-4474-a285-3208198ce6fd}.xpi","e":true,"v":"45.0","st":1457059299662}}}
1545471105356	addons.xpi-utils	DEBUG	Opening XPI database C:\Users\mhf\AppData\Local\Temp\rust_mozprofile.XMveZuS3YYCb\extensions.json
1545471105358	addons.xpi-utils	DEBUG	Successfully read XPI database
1545471105360	addons.xpi-utils	DEBUG	Add-on cehomepage@mozillaonline.com modified in app-profile
*** Blocklist::_loadBlocklistFromFile: blocklist is disabled
1545471105398	DeferredSave.extensions.json	DEBUG	Save changes
1545471105398	DeferredSave.extensions.json	DEBUG	Save changes
1545471105399	addons.xpi-utils	DEBUG	Add-on coba@mozilla.com.cn modified in app-profile
1545471105401	DeferredSave.extensions.json	DEBUG	Starting timer
1545471105408	DeferredSave.extensions.json	DEBUG	Save changes
1545471105408	DeferredSave.extensions.json	DEBUG	Save changes
1545471105408	addons.xpi-utils	DEBUG	Add-on cpmanager@mozillaonline.com modified in app-profile
1545471105419	DeferredSave.extensions.json	DEBUG	Save changes
1545471105419	DeferredSave.extensions.json	DEBUG	Save changes
1545471105419	addons.xpi-utils	DEBUG	Add-on easyscreenshot@mozillaonline.com modified in app-profile
1545471105425	DeferredSave.extensions.json	DEBUG	Starting write
1545471105434	DeferredSave.extensions.json	DEBUG	Save changes
1545471105434	DeferredSave.extensions.json	DEBUG	Data changed while write in progress
1545471105434	DeferredSave.extensions.json	DEBUG	Save changes
1545471105435	addons.xpi-utils	DEBUG	Add-on firebug@software.joehewitt.com modified in app-profile
1545471105464	DeferredSave.extensions.json	DEBUG	Write succeeded
1545471105464	addons.xpi-utils	DEBUG	XPI Database saved, setting schema version preference to 17
1545471105464	DeferredSave.extensions.json	DEBUG	Starting timer
1545471105486	DeferredSave.extensions.json	DEBUG	Starting write
1545471105490	DeferredSave.extensions.json	DEBUG	Write succeeded
1545471105511	DeferredSave.extensions.json	DEBUG	Save changes
1545471105511	DeferredSave.extensions.json	DEBUG	Save changes
1545471105512	addons.xpi-utils	DEBUG	Add-on tabtweak@mozillaonline.com modified in app-profile
1545471105514	DeferredSave.extensions.json	DEBUG	Starting timer
1545471105520	DeferredSave.extensions.json	DEBUG	Save changes
1545471105520	DeferredSave.extensions.json	DEBUG	Save changes
1545471105520	addons.xpi-utils	DEBUG	Add-on wx-assistant@mozillaonline.com modified in app-profile
1545471105528	DeferredSave.extensions.json	DEBUG	Save changes
1545471105529	DeferredSave.extensions.json	DEBUG	Save changes
1545471105529	addons.xpi-utils	DEBUG	Add-on FireXPath@pierre.tholence.com modified in app-profile
1545471105535	DeferredSave.extensions.json	DEBUG	Save changes
1545471105535	DeferredSave.extensions.json	DEBUG	Save changes
1545471105535	addons.xpi-utils	DEBUG	Add-on {02450914-cdd9-410f-b1da-db004e18c671} modified in app-profile
1545471105539	DeferredSave.extensions.json	DEBUG	Starting write
1545471105544	DeferredSave.extensions.json	DEBUG	Write succeeded
1545471105545	DeferredSave.extensions.json	DEBUG	Save changes
1545471105545	DeferredSave.extensions.json	DEBUG	Save changes
1545471105546	addons.xpi-utils	INFO	Hiding the updated system add-ons.
1545471105546	addons.manager	DEBUG	Registering startup change 'changed' for cehomepage@mozillaonline.com
1545471105550	addons.xpi	DEBUG	Loading bootstrap scope from C:\Users\mhf\AppData\Roaming\Mozilla\Firefox\Profiles\cv6txwo2.default\extensions\cehomepage@mozillaonline.com.xpi
1545471105558	addons.xpi	DEBUG	Calling bootstrap method uninstall on cehomepage@mozillaonline.com version 3.62
1545471105559	addons.xpi	DEBUG	Loading bootstrap scope from C:\Users\mhf\AppData\Local\Temp\rust_mozprofile.XMveZuS3YYCb\extensions\cehomepage@mozillaonline.com.xpi
1545471105561	addons.xpi	DEBUG	Calling bootstrap method install on cehomepage@mozillaonline.com version 3.62
1545471105561	addons.xpi-utils	DEBUG	Make addon app-profile:cehomepage@mozillaonline.com visible
1545471105561	DeferredSave.extensions.json	DEBUG	Save changes
1545471105561	addons.manager	DEBUG	Registering startup change 'changed' for coba@mozilla.com.cn
1545471105562	addons.xpi	DEBUG	Loading bootstrap scope from C:\Users\mhf\AppData\Roaming\Mozilla\Firefox\Profiles\cv6txwo2.default\extensions\coba@mozilla.com.cn.xpi
1545471105563	addons.xpi	DEBUG	Calling bootstrap method uninstall on coba@mozilla.com.cn version 4.57
1545471105564	addons.xpi	DEBUG	Loading bootstrap scope from C:\Users\mhf\AppData\Local\Temp\rust_mozprofile.XMveZuS3YYCb\extensions\coba@mozilla.com.cn.xpi
1545471105566	addons.xpi	DEBUG	Calling bootstrap method install on coba@mozilla.com.cn version 4.57
1545471105566	addons.xpi-utils	DEBUG	Make addon app-profile:coba@mozilla.com.cn visible
1545471105566	DeferredSave.extensions.json	DEBUG	Save changes
1545471105566	addons.manager	DEBUG	Registering startup change 'changed' for cpmanager@mozillaonline.com
1545471105567	addons.xpi	DEBUG	Loading bootstrap scope from C:\Users\mhf\AppData\Roaming\Mozilla\Firefox\Profiles\cv6txwo2.default\extensions\cpmanager@mozillaonline.com.xpi
1545471105568	addons.xpi	DEBUG	Calling bootstrap method uninstall on cpmanager@mozillaonline.com version 4.62.1
1545471105569	addons.xpi	DEBUG	Loading bootstrap scope from C:\Users\mhf\AppData\Local\Temp\rust_mozprofile.XMveZuS3YYCb\extensions\cpmanager@mozillaonline.com.xpi
1545471105570	addons.xpi	DEBUG	Calling bootstrap method install on cpmanager@mozillaonline.com version 4.62.1
1545471105570	addons.xpi-utils	DEBUG	Make addon app-profile:cpmanager@mozillaonline.com visible
1545471105570	DeferredSave.extensions.json	DEBUG	Save changes
1545471105570	addons.manager	DEBUG	Registering startup change 'changed' for easyscreenshot@mozillaonline.com
1545471105571	addons.xpi	DEBUG	Loading bootstrap scope from C:\Users\mhf\AppData\Roaming\Mozilla\Firefox\Profiles\cv6txwo2.default\extensions\easyscreenshot@mozillaonline.com.xpi
1545471105572	addons.xpi	DEBUG	Calling bootstrap method uninstall on easyscreenshot@mozillaonline.com version 3.57
1545471105573	addons.xpi	DEBUG	Loading bootstrap scope from C:\Users\mhf\AppData\Local\Temp\rust_mozprofile.XMveZuS3YYCb\extensions\easyscreenshot@mozillaonline.com.xpi
1545471105574	addons.xpi	DEBUG	Calling bootstrap method install on easyscreenshot@mozillaonline.com version 3.57
1545471105575	addons.xpi-utils	DEBUG	Make addon app-profile:easyscreenshot@mozillaonline.com visible
1545471105575	DeferredSave.extensions.json	DEBUG	Save changes
1545471105575	addons.manager	DEBUG	Registering startup change 'changed' for firebug@software.joehewitt.com
1545471105575	addons.xpi	DEBUG	Loading bootstrap scope from C:\Users\mhf\AppData\Roaming\Mozilla\Firefox\Profiles\cv6txwo2.default\extensions\firebug@software.joehewitt.com.xpi
1545471105579	addons.xpi	DEBUG	Calling bootstrap method uninstall on firebug@software.joehewitt.com version 2.0.19
1545471105580	addons.xpi	DEBUG	Loading bootstrap scope from C:\Users\mhf\AppData\Local\Temp\rust_mozprofile.XMveZuS3YYCb\extensions\firebug@software.joehewitt.com.xpi
1545471105582	addons.xpi	DEBUG	Calling bootstrap method install on firebug@software.joehewitt.com version 2.0.19
1545471105582	addons.xpi-utils	DEBUG	Make addon app-profile:firebug@software.joehewitt.com visible
1545471105582	DeferredSave.extensions.json	DEBUG	Save changes
1545471105583	addons.manager	DEBUG	Registering startup change 'changed' for tabtweak@mozillaonline.com
1545471105583	addons.xpi	DEBUG	Loading bootstrap scope from C:\Users\mhf\AppData\Roaming\Mozilla\Firefox\Profiles\cv6txwo2.default\extensions\tabtweak@mozillaonline.com.xpi
1545471105585	addons.xpi	DEBUG	Calling bootstrap method uninstall on tabtweak@mozillaonline.com version 5.61
1545471105585	addons.xpi	DEBUG	Loading bootstrap scope from C:\Users\mhf\AppData\Local\Temp\rust_mozprofile.XMveZuS3YYCb\extensions\tabtweak@mozillaonline.com.xpi
1545471105587	addons.xpi	DEBUG	Calling bootstrap method install on tabtweak@mozillaonline.com version 5.61
1545471105587	addons.xpi-utils	DEBUG	Make addon app-profile:tabtweak@mozillaonline.com visible
1545471105587	DeferredSave.extensions.json	DEBUG	Save changes
1545471105587	addons.manager	DEBUG	Registering startup change 'changed' for wx-assistant@mozillaonline.com
1545471105588	addons.xpi	DEBUG	Loading bootstrap scope from C:\Users\mhf\AppData\Roaming\Mozilla\Firefox\Profiles\cv6txwo2.default\extensions\wx-assistant@mozillaonline.com.xpi
1545471105589	addons.xpi	DEBUG	Calling bootstrap method uninstall on wx-assistant@mozillaonline.com version 2.59
1545471105590	addons.xpi	DEBUG	Loading bootstrap scope from C:\Users\mhf\AppData\Local\Temp\rust_mozprofile.XMveZuS3YYCb\extensions\wx-assistant@mozillaonline.com.xpi
1545471105591	addons.xpi	DEBUG	Calling bootstrap method install on wx-assistant@mozillaonline.com version 2.59
1545471105592	addons.xpi-utils	DEBUG	Make addon app-profile:wx-assistant@mozillaonline.com visible
1545471105592	DeferredSave.extensions.json	DEBUG	Save changes
1545471105592	addons.manager	DEBUG	Registering startup change 'changed' for FireXPath@pierre.tholence.com
1545471105592	addons.xpi-utils	DEBUG	Make addon app-profile:FireXPath@pierre.tholence.com visible
1545471105592	DeferredSave.extensions.json	DEBUG	Save changes
1545471105592	addons.manager	DEBUG	Registering startup change 'changed' for {02450914-cdd9-410f-b1da-db004e18c671}
1545471105593	addons.xpi-utils	DEBUG	Make addon app-profile:{02450914-cdd9-410f-b1da-db004e18c671} visible
1545471105593	DeferredSave.extensions.json	DEBUG	Save changes
1545471105593	addons.xpi-utils	DEBUG	Make addon app-system-defaults:loop@mozilla.org visible
1545471105593	DeferredSave.extensions.json	DEBUG	Save changes
1545471105593	addons.xpi-utils	DEBUG	Make addon app-global:{972ce4c6-7e08-4474-a285-3208198ce6fd} visible
1545471105593	DeferredSave.extensions.json	DEBUG	Save changes
1545471105594	addons.xpi	DEBUG	Updating XPIState for {"id":"cehomepage@mozillaonline.com","syncGUID":"2jacGUWzVsgp","location":"app-profile","version":"3.62","type":"webextension","internalName":null,"updateURL":"https://addons.firefox.com.cn/chinaedition/addons/updates.json?reqVersion=%REQ_VERSION%&id=%ITEM_ID%&version=%ITEM_VERSION%&maxAppVersion=%ITEM_MAXAPPVERSION%&status=%ITEM_STATUS%&appID=%APP_ID%&appVersion=%APP_VERSION%&appOS=%APP_OS%&appABI=%APP_ABI%&locale=%APP_LOCALE%&currentAppVersion=%CURRENT_APP_VERSION%&updateType=%UPDATE_TYPE%&compatMode=%COMPATIBILITY_MODE%","updateKey":null,"optionsURL":null,"optionsType":null,"aboutURL":null,"icons":{"48":"icons/icon-48.png","64":"icons/icon-64.png"},"iconURL":null,"icon64URL":null,"defaultLocale":{"name":"Firefox Homepage","description":"Customizied Home Page for Firefox","creator":null,"homepageURL":null,"developers":null,"translators":null,"contributors":null},"visible":true,"active":false,"userDisabled":true,"appDisabled":false,"descriptor":"C:\\Users\\mhf\\AppData\\Local\\Temp\\rust_mozprofile.XMveZuS3YYCb\\extensions\\cehomepage@mozillaonline.com.xpi","installDate":1536489568713,"updateDate":1545471103324,"applyBackgroundUpdates":1,"bootstrap":true,"skinnable":false,"size":100566,"sourceURI":null,"releaseNotesURI":null,"softDisabled":false,"foreignInstall":false,"hasBinaryComponents":false,"strictCompatibility":true,"locales":[{"name":"火狐主页","description":"火狐定制主页，包括最近访问页面、最常访问页面以及新标签页等","creator":null,"homepageURL":null,"developers":null,"translators":null,"contributors":null,"locales":["zh-CN"]},{"name":"Firefox Homepage","description":"Customizied Home Page for Firefox","creator":null,"homepageURL":null,"developers":null,"translators":null,"contributors":null,"locales":["en-US"]}],"targetApplications":[{"id":"toolkit@mozilla.org","minVersion":"42.0a1","maxVersion":"*"}],"targetPlatforms":[],"multiprocessCompatible":true,"signedState":2,"seen":true}
1545471105594	addons.xpi	DEBUG	Updating XPIState for {"id":"coba@mozilla.com.cn","syncGUID":"QasnHYkoZUop","location":"app-profile","version":"4.57","type":"webextension","internalName":null,"updateURL":"https://addons.firefox.com.cn/chinaedition/addons/updates.json","updateKey":null,"optionsURL":null,"optionsType":null,"aboutURL":null,"icons":{"48":"icons/icon-48.png","64":"icons/icon-64.png"},"iconURL":null,"icon64URL":null,"defaultLocale":{"name":"COBA","description":"China Online Banking Assistant","creator":null,"homepageURL":null,"developers":null,"translators":null,"contributors":null},"visible":true,"active":false,"userDisabled":true,"appDisabled":false,"descriptor":"C:\\Users\\mhf\\AppData\\Local\\Temp\\rust_mozprofile.XMveZuS3YYCb\\extensions\\coba@mozilla.com.cn.xpi","installDate":1525509419862,"updateDate":1545471103325,"applyBackgroundUpdates":1,"bootstrap":true,"skinnable":false,"size":55643,"sourceURI":null,"releaseNotesURI":null,"softDisabled":false,"foreignInstall":false,"hasBinaryComponents":false,"strictCompatibility":true,"locales":[{"name":"网银支付助手","description":"为火狐用户提供支付帮助","creator":null,"homepageURL":null,"developers":null,"translators":null,"contributors":null,"locales":["zh-CN"]},{"name":"COBA","description":"China Online Banking Assistant","creator":null,"homepageURL":null,"developers":null,"translators":null,"contributors":null,"locales":["en-US"]}],"targetApplications":[{"id":"toolkit@mozilla.org","minVersion":"42.0a1","maxVersion":"*"}],"targetPlatforms":[],"multiprocessCompatible":true,"signedState":2,"seen":true}
1545471105594	addons.xpi	DEBUG	Updating XPIState for {"id":"cpmanager@mozillaonline.com","syncGUID":"RcA6YKIo8O79","location":"app-profile","version":"4.62.1","type":"webextension","internalName":null,"updateURL":"https://addons.firefox.com.cn/chinaedition/addons/updates.json?reqVersion=%REQ_VERSION%&id=%ITEM_ID%&version=%ITEM_VERSION%&maxAppVersion=%ITEM_MAXAPPVERSION%&status=%ITEM_STATUS%&appID=%APP_ID%&appVersion=%APP_VERSION%&appOS=%APP_OS%&appABI=%APP_ABI%&locale=%APP_LOCALE%&currentAppVersion=%CURRENT_APP_VERSION%&updateType=%UPDATE_TYPE%&compatMode=%COMPATIBILITY_MODE%","updateKey":null,"optionsURL":null,"optionsType":null,"aboutURL":null,"icons":{},"iconURL":null,"icon64URL":null,"defaultLocale":{"name":"Addons Manager","description":"To manage the addons package in Firefox.","creator":null,"homepageURL":null,"developers":null,"translators":null,"contributors":null},"visible":true,"active":false,"userDisabled":true,"appDisabled":false,"descriptor":"C:\\Users\\mhf\\AppData\\Local\\Temp\\rust_mozprofile.XMveZuS3YYCb\\extensions\\cpmanager@mozillaonline.com.xpi","installDate":1536489568935,"updateDate":1545471103327,"applyBackgroundUpdates":1,"bootstrap":true,"skinnable":false,"size":145630,"sourceURI":null,"releaseNotesURI":null,"softDisabled":false,"foreignInstall":false,"hasBinaryComponents":false,"strictCompatibility":true,"locales":[{"name":"附加组件管理器","description":"用来管理火狐的附加组件系统。","creator":null,"homepageURL":null,"developers":null,"translators":null,"contributors":null,"locales":["zh-CN"]},{"name":"Addons Manager","description":"To manage the addons package in Firefox.","creator":null,"homepageURL":null,"developers":null,"translators":null,"contributors":null,"locales":["en-US"]}],"targetApplications":[{"id":"toolkit@mozilla.org","minVersion":"42.0a1","maxVersion":"*"}],"targetPlatforms":[],"multiprocessCompatible":true,"signedState":2,"seen":true}
1545471105594	addons.xpi	DEBUG	Updating XPIState for {"id":"easyscreenshot@mozillaonline.com","syncGUID":"0eSCQ_DXJHqu","location":"app-profile","version":"3.57","type":"webextension","internalName":null,"updateURL":null,"updateKey":null,"optionsURL":null,"optionsType":null,"aboutURL":null,"icons":{"48":"icons/icon-48.png","64":"icons/icon-64.png"},"iconURL":null,"icon64URL":null,"defaultLocale":{"name":"Easy Screenshot","description":"You can capture a screen shot by selecting an area or capture the whole/visible webpage. Then edit and save it as an image file.","creator":null,"homepageURL":null,"developers":null,"translators":null,"contributors":null},"visible":true,"active":false,"userDisabled":true,"appDisabled":false,"descriptor":"C:\\Users\\mhf\\AppData\\Local\\Temp\\rust_mozprofile.XMveZuS3YYCb\\extensions\\easyscreenshot@mozillaonline.com.xpi","installDate":1525509419904,"updateDate":1545471103329,"applyBackgroundUpdates":1,"bootstrap":true,"skinnable":false,"size":160220,"sourceURI":null,"releaseNotesURI":null,"softDisabled":false,"foreignInstall":false,"hasBinaryComponents":false,"strictCompatibility":true,"locales":[{"name":"Easy Screenshot","description":"Вы можете сделать снимок экрана, выбрав область или захватить всю / видимую веб-страницу. Затем отредактировать и сохранить его в виде файла изображения.","creator":null,"homepageURL":null,"developers":null,"translators":null,"contributors":null,"locales":["ru-RU"]},{"name":"网页截图","description":"方便的截图工具，支持任意选定区域截图、全网页截图等多种截图方式，并提供必要的图片编辑功能。","creator":null,"homepageURL":null,"developers":null,"translators":null,"contributors":null,"locales":["zh-CN"]},{"name":"Easy Screenshot","description":"You can capture a screen shot by selecting an area or capture the whole/visible webpage. Then edit and save it as an image file.","creator":null,"homepageURL":null,"developers":null,"translators":null,"contributors":null,"locales":["en-US"]}],"targetApplications":[{"id":"toolkit@mozilla.org","minVersion":"42.0a1","maxVersion":"*"}],"targetPlatforms":[],"multiprocessCompatible":true,"signedState":2,"seen":true}
1545471105594	addons.xpi	DEBUG	Updating XPIState for {"id":"firebug@software.joehewitt.com","syncGUID":"HY4pbOrZw5ek","location":"app-profile","version":"2.0.19","type":"extension","internalName":null,"updateURL":null,"updateKey":null,"optionsURL":null,"optionsType":null,"aboutURL":null,"icons":{},"iconURL":"chrome://firebug/skin/firebugBig.png","icon64URL":null,"defaultLocale":{"name":"Firebug","description":"Web Development Evolved. Firebug is free and open source software distributed under the BSD License.","creator":"Joe Hewitt","homepageURL":"http://www.getfirebug.com/","translators":["Leszek(teo)Zyczkowski (pl-PL)","markh (nl)","peter3 (sv-SE)","AlleyKat (da-DK)","Hector Zhao, lovelywcm (zh-CN)","Lukas Kucharczyk, Michal Kec (cs-CZ)","Team erweiterungen.de, ReinekeFux, Benedikt Langens, Sebastian Zartner (de-DE)","l0stintranslation, gonzalopirobutirro, Luigi Grilli (it-IT)","alexxed (ro-RO)","Nicolas Martin, Franck Marcia (fr-FR)","gLes (hu-HU)","Xavi Ivars - Softcatala (ca)","gezmen (tr-TR)","eternoendless (es-AR)","Dark Preacher (ru)","Tiago Oliveira, Diego de Carvalho Zimmermann, Alexandre Rapaki (pt-BR)","Juan Botias, Alvaro G. Vicario (es-ES)","Andriy Zhouck (uk-UA)","Hisateru Tanaka, k2jp (ja-JP)","Mohsen Shadroo (fa-IR)","Eduard Babayan (hy-AM)","Helder Magalhaes (pt-PT)","Tomaz Macus (sl-SI)","Stoyan Stefanov, Alexander Shopov (bg)","Kristjan Bjarni Guomundsson (is-IS)","NGUYEN Manh Hung (vi-VN)","Bwah (hr-HR)","Sonickydon (el)","David Gonzales (es)","DakSrbija (sr)","bootleq (zh-TW)","Asier Iturralde Sarasola, Julen Irazoki Oteiza (eu)"],"contributors":["John J. Barton (IBM Almaden)","Jan Odvarko (Mozilla Corp.)","Max Stepanov (Aptana Inc.)","Rob Campbell (Mozilla Corp.)","Hans Hillen (Paciello Group, Mozilla)","Curtis Bartley (Mozilla Corp.)","Mike Collins (IBM Almaden)","Kevin Decker","Mike Ratcliffe (Mozilla Corp.)","Hernan Rodriguez Colmeiro","Austin Andrews","Christoph Dorn","Steven Roussey (Illuminations for Developers)","Sebastian Zartner","Harutyun Amirjanyan","Simon Lindholm","Stampolidis Anastasios","Joe Walker (Mozilla Corp.)","Vladimir Zhuravlev","Farshid Beheshti","Leon Sorokin","Florent Fayolle","Hector Zhao","Bharath Thiruveedula","Nathan Mische","Belakhdar Abdeldjalil","Jakob Kaltenbrunner"]},"visible":true,"active":true,"userDisabled":false,"appDisabled":false,"descriptor":"C:\\Users\\mhf\\AppData\\Local\\Temp\\rust_mozprofile.XMveZuS3YYCb\\extensions\\firebug@software.joehewitt.com.xpi","installDate":1537580196282,"updateDate":1545471103363,"applyBackgroundUpdates":1,"bootstrap":true,"skinnable":false,"size":9681994,"sourceURI":null,"releaseNotesURI":null,"softDisabled":false,"foreignInstall":false,"hasBinaryComponents":false,"strictCompatibility":false,"locales":[],"targetApplications":[{"id":"toolkit@mozilla.org","minVersion":"30.0a1","maxVersion":"54.0"},{"id":"{ec8030f7-c20a-464f-9b0e-13a3a9e97384}","minVersion":"30.0a1","maxVersion":"54.0"}],"targetPlatforms":[],"multiprocessCompatible":true,"signedState":2,"seen":true}
1545471105594	addons.xpi	DEBUG	Updating XPIState for {"id":"tabtweak@mozillaonline.com","syncGUID":"Gd5aLeWMFg9Y","location":"app-profile","version":"5.61","type":"webextension","internalName":null,"updateURL":"https://addons.firefox.com.cn/chinaedition/addons/updates.json?reqVersion=%REQ_VERSION%&id=%ITEM_ID%&version=%ITEM_VERSION%&maxAppVersion=%ITEM_MAXAPPVERSION%&status=%ITEM_STATUS%&appID=%APP_ID%&appVersion=%APP_VERSION%&appOS=%APP_OS%&appABI=%APP_ABI%&locale=%APP_LOCALE%&currentAppVersion=%CURRENT_APP_VERSION%&updateType=%UPDATE_TYPE%&compatMode=%COMPATIBILITY_MODE%","updateKey":null,"optionsURL":null,"optionsType":null,"aboutURL":null,"icons":{"48":"icons/icon-48.png","64":"icons/icon-64.png"},"iconURL":null,"icon64URL":null,"defaultLocale":{"name":"Tab Tweak","description":"Tweak tab browsing by setting default behaviors.","creator":null,"homepageURL":null,"developers":null,"translators":null,"contributors":null},"visible":true,"active":false,"userDisabled":true,"appDisabled":false,"descriptor":"C:\\Users\\mhf\\AppData\\Local\\Temp\\rust_mozprofile.XMveZuS3YYCb\\extensions\\tabtweak@mozillaonline.com.xpi","installDate":1530628191405,"updateDate":1545471103366,"applyBackgroundUpdates":1,"bootstrap":true,"skinnable":false,"size":20074,"sourceURI":null,"releaseNotesURI":null,"softDisabled":false,"foreignInstall":false,"hasBinaryComponents":false,"strictCompatibility":true,"locales":[{"name":"标签页优化","description":"设置打开链接和关闭标签的默认行为，方便使用。","creator":null,"homepageURL":null,"developers":null,"translators":null,"contributors":null,"locales":["zh-CN"]},{"name":"Tab Tweak","description":"Tweak tab browsing by setting default behaviors.","creator":null,"homepageURL":null,"developers":null,"translators":null,"contributors":null,"locales":["en-US"]}],"targetApplications":[{"id":"toolkit@mozilla.org","minVersion":"42.0a1","maxVersion":"*"}],"targetPlatforms":[],"multiprocessCompatible":true,"signedState":2,"seen":true}
1545471105594	addons.xpi	DEBUG	Updating XPIState for {"id":"wx-assistant@mozillaonline.com","syncGUID":"e3bZEXxH_rRt","location":"app-profile","version":"2.59","type":"webextension","internalName":null,"updateURL":"https://addons.firefox.com.cn/chinaedition/addons/updates.json","updateKey":null,"optionsURL":null,"optionsType":null,"aboutURL":null,"icons":{"32":"icons/icon-32.png","64":"icons/icon-64.png"},"iconURL":null,"icon64URL":null,"defaultLocale":{"name":"WeChat Helper by MoCoCN","description":"Access Web WeChat by one click","creator":null,"homepageURL":null,"developers":null,"translators":null,"contributors":null},"visible":true,"active":false,"userDisabled":true,"appDisabled":false,"descriptor":"C:\\Users\\mhf\\AppData\\Local\\Temp\\rust_mozprofile.XMveZuS3YYCb\\extensions\\wx-assistant@mozillaonline.com.xpi","installDate":1525509420030,"updateDate":1545471103367,"applyBackgroundUpdates":1,"bootstrap":true,"skinnable":false,"size":24469,"sourceURI":null,"releaseNotesURI":null,"softDisabled":false,"foreignInstall":false,"hasBinaryComponents":false,"strictCompatibility":true,"locales":[{"name":"微信网页版助手","description":"一键打开微信网页版，同时在微信有新消息时给出及时的消息提醒","creator":null,"homepageURL":null,"developers":null,"translators":null,"contributors":null,"locales":["zh-CN"]},{"name":"WeChat Helper by MoCoCN","description":"Access Web WeChat by one click","creator":null,"homepageURL":null,"developers":null,"translators":null,"contributors":null,"locales":["en-US"]}],"targetApplications":[{"id":"toolkit@mozilla.org","minVersion":"42.0a1","maxVersion":"*"}],"targetPlatforms":[],"multiprocessCompatible":true,"signedState":2,"seen":true}
1545471105595	addons.xpi	DEBUG	Updating XPIState for {"id":"FireXPath@pierre.tholence.com","syncGUID":"W1yYH6FzrRmP","location":"app-profile","version":"0.9.7.1.1-signed.1-signed","type":"extension","internalName":null,"updateURL":null,"updateKey":null,"optionsURL":null,"optionsType":null,"aboutURL":null,"icons":{},"iconURL":"chrome://firepath/content/FirePath.png","icon64URL":null,"defaultLocale":{"name":"FirePath","description":"FirePath is a Firebug extension that adds a development tool to edit, inspect and generate XPath 1.0 expressions, CSS 3 selectors and JQuery selectors.","creator":"Pierre Tholence","homepageURL":null,"contributors":["David Rees"]},"visible":true,"active":true,"userDisabled":false,"appDisabled":false,"descriptor":"C:\\Users\\mhf\\AppData\\Local\\Temp\\rust_mozprofile.XMveZuS3YYCb\\extensions\\FireXPath@pierre.tholence.com.xpi","installDate":1537622082023,"updateDate":1545471103365,"applyBackgroundUpdates":1,"bootstrap":false,"skinnable":false,"size":168435,"sourceURI":null,"releaseNotesURI":null,"softDisabled":false,"foreignInstall":false,"hasBinaryComponents":false,"strictCompatibility":false,"locales":[],"targetApplications":[{"id":"{ec8030f7-c20a-464f-9b0e-13a3a9e97384}","minVersion":"4.0","maxVersion":"34.*"}],"targetPlatforms":[],"multiprocessCompatible":false,"signedState":2,"seen":true}
1545471105595	addons.xpi	DEBUG	Updating XPIState for {"id":"{02450914-cdd9-410f-b1da-db004e18c671}","syncGUID":"FfwhYPWD1WJg","location":"app-profile","version":"0.99.12","type":"extension","internalName":null,"updateURL":null,"updateKey":null,"optionsURL":"chrome://screengrab/content/preferences.xul","optionsType":null,"aboutURL":null,"icons":{},"iconURL":"chrome://screengrab/skin/screengrab_icon.gif","icon64URL":null,"defaultLocale":{"name":"Screengrab (fix version)","description":"Saves a web-page as an image.","creator":"Oleksandr Popov","homepageURL":"http://www.s3blog.org/screengrab.html","contributors":["Andy Mutton (Author original Screengrab)","Jean-Bernard 'Goofy' Marcon from babelzilla.org (Help with locales)","All of the guys at babelzilla.org (Translations)","Dominic Letz (SecurityException bug fix)","vboriesazeau (Pointing out the deprecated getBoxObjectFor call)","TeliuTe (Create Simplified Chinese Language Pack)","Kurt Lucas (Settings fix)","Marcin Lisson (Translation to German)","pulsmz (Create Japanese Language Pack)","Carlos Villarrubia (Translation to Spain)","Dean Guan (Translation to Traditional Chinese)","Alexandre Magno (Translation to Brazilian Portuguese)"]},"visible":true,"active":true,"userDisabled":false,"appDisabled":false,"descriptor":"C:\\Users\\mhf\\AppData\\Local\\Temp\\rust_mozprofile.XMveZuS3YYCb\\extensions\\{02450914-cdd9-410f-b1da-db004e18c671}.xpi","installDate":1538345143992,"updateDate":1545471103370,"applyBackgroundUpdates":1,"bootstrap":false,"skinnable":false,"size":410814,"sourceURI":null,"releaseNotesURI":null,"softDisabled":false,"foreignInstall":false,"hasBinaryComponents":false,"strictCompatibility":false,"locales":[],"targetApplications":[{"id":"{ec8030f7-c20a-464f-9b0e-13a3a9e97384}","minVersion":"4.0","maxVersion":"56.*"},{"id":"{92650c4d-4b8e-4d2a-b7eb-24ecf4f6b63a}","minVersion":"2.0","maxVersion":"2.54"},{"id":"{8de7fcbb-c55c-4fbe-bfc5-fc555c87dbc4}","minVersion":"24.0","maxVersion":"29.*"}],"targetPlatforms":[],"multiprocessCompatible":false,"signedState":2,"seen":true}
1545471105595	addons.xpi	DEBUG	Updating XPIState for {"id":"loop@mozilla.org","syncGUID":"HxUlEEWV1idh","location":"app-system-defaults","version":"0.1","type":"extension","internalName":null,"updateURL":null,"updateKey":null,"optionsURL":null,"optionsType":null,"aboutURL":null,"icons":{},"iconURL":null,"icon64URL":null,"defaultLocale":{"name":"Firefox Hello Beta","description":"Web sharing for Firefox","creator":"Mozilla","homepageURL":null},"visible":true,"active":false,"userDisabled":true,"appDisabled":false,"descriptor":"C:\\Program Files\\Mozilla Firefox45\\browser\\features\\loop@mozilla.org.xpi","installDate":1457059299778,"updateDate":1457059299778,"applyBackgroundUpdates":1,"bootstrap":true,"skinnable":false,"size":3086125,"sourceURI":null,"releaseNotesURI":null,"softDisabled":false,"foreignInstall":false,"hasBinaryComponents":false,"strictCompatibility":false,"locales":[],"targetApplications":[{"id":"{ec8030f7-c20a-464f-9b0e-13a3a9e97384}","minVersion":"45.0a1","maxVersion":"45.0"},{"id":"xpcshell@tests.mozilla.org","minVersion":"0","maxVersion":"10"}],"targetPlatforms":[],"multiprocessCompatible":false,"seen":true}
1545471105595	addons.xpi	DEBUG	Updating XPIState for {"id":"{972ce4c6-7e08-4474-a285-3208198ce6fd}","syncGUID":"G7sBxcAhIxg6","location":"app-global","version":"45.0","type":"theme","internalName":"classic/1.0","updateURL":null,"updateKey":null,"optionsURL":null,"optionsType":null,"aboutURL":null,"icons":{"32":"icon.png","48":"icon.png"},"iconURL":null,"icon64URL":null,"defaultLocale":{"name":"Default","description":"The default theme.","creator":"Mozilla","homepageURL":null,"contributors":["Mozilla Contributors"]},"visible":true,"active":true,"userDisabled":false,"appDisabled":false,"descriptor":"C:\\Program Files\\Mozilla Firefox45\\browser\\extensions\\{972ce4c6-7e08-4474-a285-3208198ce6fd}.xpi","installDate":1457059299662,"updateDate":1457059299662,"applyBackgroundUpdates":1,"skinnable":true,"size":22006,"sourceURI":null,"releaseNotesURI":null,"softDisabled":false,"foreignInstall":false,"hasBinaryComponents":false,"strictCompatibility":true,"locales":[],"targetApplications":[{"id":"{ec8030f7-c20a-464f-9b0e-13a3a9e97384}","minVersion":"45.0","maxVersion":"45.0"}],"targetPlatforms":[],"seen":true}
1545471105596	DeferredSave.extensions.json	DEBUG	Save changes
1545471105596	addons.xpi	DEBUG	Updating database with changes to installed add-ons
1545471105596	addons.xpi-utils	DEBUG	Updating add-on states
1545471105599	addons.xpi-utils	DEBUG	Writing add-ons list
1545471105607	addons.xpi	DEBUG	Registering manifest for C:\Users\mhf\AppData\Local\Temp\rust_mozprofile.XMveZuS3YYCb\extensions\firebug@software.joehewitt.com.xpi
1545471105608	addons.xpi	DEBUG	Calling bootstrap method startup on firebug@software.joehewitt.com version 2.0.19
1545471105617	addons.manager	DEBUG	Registering shutdown blocker for XPIProvider
1545471105618	addons.manager	DEBUG	Provider finished startup: XPIProvider
1545471105618	addons.manager	DEBUG	Starting provider: LightweightThemeManager
1545471105618	addons.manager	DEBUG	Registering shutdown blocker for LightweightThemeManager
1545471105618	addons.manager	DEBUG	Provider finished startup: LightweightThemeManager
1545471105618	addons.manager	DEBUG	Starting provider: GMPProvider
1545471105630	addons.manager	DEBUG	Registering shutdown blocker for GMPProvider
1545471105630	addons.manager	DEBUG	Provider finished startup: GMPProvider
1545471105630	addons.manager	DEBUG	Starting provider: PluginProvider
1545471105630	addons.manager	DEBUG	Registering shutdown blocker for PluginProvider
1545471105630	addons.manager	DEBUG	Provider finished startup: PluginProvider
1545471105630	addons.manager	DEBUG	Completed startup sequence
[GFX1]: Potential driver version mismatch ignored due to missing DLLs
1545471105939	addons.manager	DEBUG	Starting provider: <unnamed-provider>
1545471105940	addons.manager	DEBUG	Registering shutdown blocker for <unnamed-provider>
1545471105940	addons.manager	DEBUG	Provider finished startup: <unnamed-provider>
1545471105997	DeferredSave.extensions.json	DEBUG	Starting timer
1545471106010	addons.manager	DEBUG	Starting provider: PreviousExperimentProvider
1545471106010	addons.manager	DEBUG	Registering shutdown blocker for PreviousExperimentProvider
1545471106010	addons.manager	DEBUG	Provider finished startup: PreviousExperimentProvider
1545471106045	DeferredSave.extensions.json	DEBUG	Starting write
1545471106079	DeferredSave.extensions.json	DEBUG	Write succeeded
JavaScript error: https://www.hongkunjinfu.com/, line 207: ReferenceError: clickclose is not defined
JavaScript error: https://www.hongkunjinfu.com/, line 207: ReferenceError: clickclose is not defined
1545471113966	addons.xpi	DEBUG	Calling bootstrap method shutdown on firebug@software.joehewitt.com version 2.0.19
1545471118147	geckodriver	INFO	Listening on 127.0.0.1:51380
1545471122365	mozprofile::profile	INFO	Using profile path C:\Users\mhf\AppData\Local\Temp\rust_mozprofile.Ealdj40AY50f
1545471123431	geckodriver::marionette	INFO	Starting browser C:\Program Files\Mozilla Firefox45\firefox.exe with args []
1545471123613	geckodriver::marionette	INFO	Connecting to Marionette on localhost:51387
1545471124392	addons.manager	DEBUG	Loaded provider scope for resource://gre/modules/addons/XPIProvider.jsm: ["XPIProvider"]
1545471124394	addons.manager	DEBUG	Loaded provider scope for resource://gre/modules/LightweightThemeManager.jsm: ["LightweightThemeManager"]
1545471124395	addons.manager	DEBUG	Loaded provider scope for resource://gre/modules/addons/GMPProvider.jsm
1545471124396	addons.manager	DEBUG	Loaded provider scope for resource://gre/modules/addons/PluginProvider.jsm
1545471124397	addons.manager	DEBUG	Starting provider: XPIProvider
1545471124397	addons.xpi	DEBUG	startup
1545471124398	addons.xpi	INFO	Mapping cehomepage@mozillaonline.com to C:\Users\mhf\AppData\Local\Temp\rust_mozprofile.Ealdj40AY50f\extensions\cehomepage@mozillaonline.com.xpi
1545471124399	addons.xpi	INFO	Mapping coba@mozilla.com.cn to C:\Users\mhf\AppData\Local\Temp\rust_mozprofile.Ealdj40AY50f\extensions\coba@mozilla.com.cn.xpi
1545471124399	addons.xpi	INFO	Mapping cpmanager@mozillaonline.com to C:\Users\mhf\AppData\Local\Temp\rust_mozprofile.Ealdj40AY50f\extensions\cpmanager@mozillaonline.com.xpi
1545471124399	addons.xpi	INFO	Mapping easyscreenshot@mozillaonline.com to C:\Users\mhf\AppData\Local\Temp\rust_mozprofile.Ealdj40AY50f\extensions\easyscreenshot@mozillaonline.com.xpi
1545471124400	addons.xpi	INFO	Mapping firebug@software.joehewitt.com to C:\Users\mhf\AppData\Local\Temp\rust_mozprofile.Ealdj40AY50f\extensions\firebug@software.joehewitt.com.xpi
1545471124401	addons.xpi	INFO	Mapping FireXPath@pierre.tholence.com to C:\Users\mhf\AppData\Local\Temp\rust_mozprofile.Ealdj40AY50f\extensions\FireXPath@pierre.tholence.com.xpi
1545471124401	addons.xpi	INFO	Mapping tabtweak@mozillaonline.com to C:\Users\mhf\AppData\Local\Temp\rust_mozprofile.Ealdj40AY50f\extensions\tabtweak@mozillaonline.com.xpi
1545471124401	addons.xpi	INFO	Mapping wx-assistant@mozillaonline.com to C:\Users\mhf\AppData\Local\Temp\rust_mozprofile.Ealdj40AY50f\extensions\wx-assistant@mozillaonline.com.xpi
1545471124402	addons.xpi	INFO	Mapping {02450914-cdd9-410f-b1da-db004e18c671} to C:\Users\mhf\AppData\Local\Temp\rust_mozprofile.Ealdj40AY50f\extensions\{02450914-cdd9-410f-b1da-db004e18c671}.xpi
1545471124402	addons.xpi	INFO	SystemAddonInstallLocation directory is missing
1545471124403	addons.xpi	INFO	Mapping loop@mozilla.org to C:\Program Files\Mozilla Firefox45\browser\features\loop@mozilla.org.xpi
1545471124404	addons.xpi	INFO	Mapping {972ce4c6-7e08-4474-a285-3208198ce6fd} to C:\Program Files\Mozilla Firefox45\browser\extensions\{972ce4c6-7e08-4474-a285-3208198ce6fd}.xpi
1545471124404	addons.xpi	DEBUG	checkForChanges
1545471124405	addons.xpi	DEBUG	Loaded add-on state from prefs: {"app-profile":{"cehomepage@mozillaonline.com":{"d":"C:\\Users\\mhf\\AppData\\Roaming\\Mozilla\\Firefox\\Profiles\\cv6txwo2.default\\extensions\\cehomepage@mozillaonline.com.xpi","e":false,"v":"3.62","st":1536489568713},"coba@mozilla.com.cn":{"d":"C:\\Users\\mhf\\AppData\\Roaming\\Mozilla\\Firefox\\Profiles\\cv6txwo2.default\\extensions\\coba@mozilla.com.cn.xpi","e":false,"v":"4.57","st":1525509419862},"cpmanager@mozillaonline.com":{"d":"C:\\Users\\mhf\\AppData\\Roaming\\Mozilla\\Firefox\\Profiles\\cv6txwo2.default\\extensions\\cpmanager@mozillaonline.com.xpi","e":false,"v":"4.62.1","st":1536489568935},"easyscreenshot@mozillaonline.com":{"d":"C:\\Users\\mhf\\AppData\\Roaming\\Mozilla\\Firefox\\Profiles\\cv6txwo2.default\\extensions\\easyscreenshot@mozillaonline.com.xpi","e":false,"v":"3.57","st":1525509419904},"firebug@software.joehewitt.com":{"d":"C:\\Users\\mhf\\AppData\\Roaming\\Mozilla\\Firefox\\Profiles\\cv6txwo2.default\\extensions\\firebug@software.joehewitt.com.xpi","e":true,"v":"2.0.19","st":1537580196282},"FireXPath@pierre.tholence.com":{"d":"C:\\Users\\mhf\\AppData\\Roaming\\Mozilla\\Firefox\\Profiles\\cv6txwo2.default\\extensions\\FireXPath@pierre.tholence.com.xpi","e":true,"v":"0.9.7.1.1-signed.1-signed","st":1537622082023},"tabtweak@mozillaonline.com":{"d":"C:\\Users\\mhf\\AppData\\Roaming\\Mozilla\\Firefox\\Profiles\\cv6txwo2.default\\extensions\\tabtweak@mozillaonline.com.xpi","e":false,"v":"5.61","st":1530628191405},"wx-assistant@mozillaonline.com":{"d":"C:\\Users\\mhf\\AppData\\Roaming\\Mozilla\\Firefox\\Profiles\\cv6txwo2.default\\extensions\\wx-assistant@mozillaonline.com.xpi","e":false,"v":"2.59","st":1525509420030},"{02450914-cdd9-410f-b1da-db004e18c671}":{"d":"C:\\Users\\mhf\\AppData\\Roaming\\Mozilla\\Firefox\\Profiles\\cv6txwo2.default\\extensions\\{02450914-cdd9-410f-b1da-db004e18c671}.xpi","e":true,"v":"0.99.12","st":1538345143992}},"app-system-defaults":{"loop@mozilla.org":{"d":"C:\\Program Files\\Mozilla Firefox45\\browser\\features\\loop@mozilla.org.xpi","e":false,"v":"0.1","st":1457059299778}},"app-global":{"{972ce4c6-7e08-4474-a285-3208198ce6fd}":{"d":"C:\\Program Files\\Mozilla Firefox45\\browser\\extensions\\{972ce4c6-7e08-4474-a285-3208198ce6fd}.xpi","e":true,"v":"45.0","st":1457059299662}}}
1545471124406	addons.xpi	DEBUG	Changed add-on cehomepage@mozillaonline.com in app-profile
1545471124406	addons.xpi	DEBUG	Changed add-on coba@mozilla.com.cn in app-profile
1545471124407	addons.xpi	DEBUG	Changed add-on cpmanager@mozillaonline.com in app-profile
1545471124407	addons.xpi	DEBUG	Changed add-on easyscreenshot@mozillaonline.com in app-profile
1545471124407	addons.xpi	DEBUG	getModTime: Recursive scan of firebug@software.joehewitt.com
1545471124408	addons.xpi	DEBUG	Changed add-on firebug@software.joehewitt.com in app-profile
1545471124408	addons.xpi	DEBUG	getModTime: Recursive scan of FireXPath@pierre.tholence.com
1545471124409	addons.xpi	DEBUG	Changed add-on FireXPath@pierre.tholence.com in app-profile
1545471124409	addons.xpi	DEBUG	Changed add-on tabtweak@mozillaonline.com in app-profile
1545471124410	addons.xpi	DEBUG	Changed add-on wx-assistant@mozillaonline.com in app-profile
1545471124410	addons.xpi	DEBUG	getModTime: Recursive scan of {02450914-cdd9-410f-b1da-db004e18c671}
1545471124410	addons.xpi	DEBUG	Changed add-on {02450914-cdd9-410f-b1da-db004e18c671} in app-profile
1545471124411	addons.xpi	DEBUG	Changed add-on loop@mozilla.org in app-system-defaults
1545471124411	addons.xpi	DEBUG	getModTime: Recursive scan of {972ce4c6-7e08-4474-a285-3208198ce6fd}
1545471124412	addons.xpi	DEBUG	Changed add-on {972ce4c6-7e08-4474-a285-3208198ce6fd} in app-global
1545471124412	addons.xpi	DEBUG	getInstallState changed: true, state: {"app-profile":{"cehomepage@mozillaonline.com":{"d":"C:\\Users\\mhf\\AppData\\Local\\Temp\\rust_mozprofile.Ealdj40AY50f\\extensions\\cehomepage@mozillaonline.com.xpi","e":false,"v":"3.62","st":1545471122788},"coba@mozilla.com.cn":{"d":"C:\\Users\\mhf\\AppData\\Local\\Temp\\rust_mozprofile.Ealdj40AY50f\\extensions\\coba@mozilla.com.cn.xpi","e":false,"v":"4.57","st":1545471122789},"cpmanager@mozillaonline.com":{"d":"C:\\Users\\mhf\\AppData\\Local\\Temp\\rust_mozprofile.Ealdj40AY50f\\extensions\\cpmanager@mozillaonline.com.xpi","e":false,"v":"4.62.1","st":1545471122791},"easyscreenshot@mozillaonline.com":{"d":"C:\\Users\\mhf\\AppData\\Local\\Temp\\rust_mozprofile.Ealdj40AY50f\\extensions\\easyscreenshot@mozillaonline.com.xpi","e":false,"v":"3.57","st":1545471122793},"firebug@software.joehewitt.com":{"d":"C:\\Users\\mhf\\AppData\\Local\\Temp\\rust_mozprofile.Ealdj40AY50f\\extensions\\firebug@software.joehewitt.com.xpi","e":true,"v":"2.0.19","st":1545471122827},"FireXPath@pierre.tholence.com":{"d":"C:\\Users\\mhf\\AppData\\Local\\Temp\\rust_mozprofile.Ealdj40AY50f\\extensions\\FireXPath@pierre.tholence.com.xpi","e":true,"v":"0.9.7.1.1-signed.1-signed","st":1545471122828},"tabtweak@mozillaonline.com":{"d":"C:\\Users\\mhf\\AppData\\Local\\Temp\\rust_mozprofile.Ealdj40AY50f\\extensions\\tabtweak@mozillaonline.com.xpi","e":false,"v":"5.61","st":1545471122829},"wx-assistant@mozillaonline.com":{"d":"C:\\Users\\mhf\\AppData\\Local\\Temp\\rust_mozprofile.Ealdj40AY50f\\extensions\\wx-assistant@mozillaonline.com.xpi","e":false,"v":"2.59","st":1545471122830},"{02450914-cdd9-410f-b1da-db004e18c671}":{"d":"C:\\Users\\mhf\\AppData\\Local\\Temp\\rust_mozprofile.Ealdj40AY50f\\extensions\\{02450914-cdd9-410f-b1da-db004e18c671}.xpi","e":true,"v":"0.99.12","st":1545471122834}},"app-system-defaults":{"loop@mozilla.org":{"d":"C:\\Program Files\\Mozilla Firefox45\\browser\\features\\loop@mozilla.org.xpi","e":false,"v":"0.1","st":1457059299778}},"app-global":{"{972ce4c6-7e08-4474-a285-3208198ce6fd}":{"d":"C:\\Program Files\\Mozilla Firefox45\\browser\\extensions\\{972ce4c6-7e08-4474-a285-3208198ce6fd}.xpi","e":true,"v":"45.0","st":1457059299662}}}
1545471124422	addons.xpi-utils	DEBUG	Opening XPI database C:\Users\mhf\AppData\Local\Temp\rust_mozprofile.Ealdj40AY50f\extensions.json
1545471124424	addons.xpi-utils	DEBUG	Successfully read XPI database
1545471124425	addons.xpi-utils	DEBUG	Add-on cehomepage@mozillaonline.com modified in app-profile
*** Blocklist::_loadBlocklistFromFile: blocklist is disabled
1545471124454	DeferredSave.extensions.json	DEBUG	Save changes
1545471124454	DeferredSave.extensions.json	DEBUG	Save changes
1545471124455	addons.xpi-utils	DEBUG	Add-on coba@mozilla.com.cn modified in app-profile
1545471124457	DeferredSave.extensions.json	DEBUG	Starting timer
1545471124464	DeferredSave.extensions.json	DEBUG	Save changes
1545471124464	DeferredSave.extensions.json	DEBUG	Save changes
1545471124464	addons.xpi-utils	DEBUG	Add-on cpmanager@mozillaonline.com modified in app-profile
1545471124474	DeferredSave.extensions.json	DEBUG	Save changes
1545471124474	DeferredSave.extensions.json	DEBUG	Save changes
1545471124474	addons.xpi-utils	DEBUG	Add-on easyscreenshot@mozillaonline.com modified in app-profile
1545471124480	DeferredSave.extensions.json	DEBUG	Starting write
1545471124488	DeferredSave.extensions.json	DEBUG	Save changes
1545471124488	DeferredSave.extensions.json	DEBUG	Data changed while write in progress
1545471124489	DeferredSave.extensions.json	DEBUG	Save changes
1545471124489	addons.xpi-utils	DEBUG	Add-on firebug@software.joehewitt.com modified in app-profile
1545471124514	DeferredSave.extensions.json	DEBUG	Write succeeded
1545471124514	addons.xpi-utils	DEBUG	XPI Database saved, setting schema version preference to 17
1545471124514	DeferredSave.extensions.json	DEBUG	Starting timer
1545471124535	DeferredSave.extensions.json	DEBUG	Starting write
1545471124539	DeferredSave.extensions.json	DEBUG	Write succeeded
1545471124565	DeferredSave.extensions.json	DEBUG	Save changes
1545471124566	DeferredSave.extensions.json	DEBUG	Save changes
1545471124566	addons.xpi-utils	DEBUG	Add-on tabtweak@mozillaonline.com modified in app-profile
1545471124568	DeferredSave.extensions.json	DEBUG	Starting timer
1545471124574	DeferredSave.extensions.json	DEBUG	Save changes
1545471124574	DeferredSave.extensions.json	DEBUG	Save changes
1545471124574	addons.xpi-utils	DEBUG	Add-on wx-assistant@mozillaonline.com modified in app-profile
1545471124582	DeferredSave.extensions.json	DEBUG	Save changes
1545471124582	DeferredSave.extensions.json	DEBUG	Save changes
1545471124582	addons.xpi-utils	DEBUG	Add-on FireXPath@pierre.tholence.com modified in app-profile
1545471124588	DeferredSave.extensions.json	DEBUG	Save changes
1545471124588	DeferredSave.extensions.json	DEBUG	Save changes
1545471124589	addons.xpi-utils	DEBUG	Add-on {02450914-cdd9-410f-b1da-db004e18c671} modified in app-profile
1545471124593	DeferredSave.extensions.json	DEBUG	Starting write
1545471124597	DeferredSave.extensions.json	DEBUG	Write succeeded
1545471124598	DeferredSave.extensions.json	DEBUG	Save changes
1545471124599	DeferredSave.extensions.json	DEBUG	Save changes
1545471124599	addons.xpi-utils	INFO	Hiding the updated system add-ons.
1545471124599	addons.manager	DEBUG	Registering startup change 'changed' for cehomepage@mozillaonline.com
1545471124604	addons.xpi	DEBUG	Loading bootstrap scope from C:\Users\mhf\AppData\Roaming\Mozilla\Firefox\Profiles\cv6txwo2.default\extensions\cehomepage@mozillaonline.com.xpi
1545471124606	addons.xpi	DEBUG	Calling bootstrap method uninstall on cehomepage@mozillaonline.com version 3.62
1545471124607	addons.xpi	DEBUG	Loading bootstrap scope from C:\Users\mhf\AppData\Local\Temp\rust_mozprofile.Ealdj40AY50f\extensions\cehomepage@mozillaonline.com.xpi
1545471124609	addons.xpi	DEBUG	Calling bootstrap method install on cehomepage@mozillaonline.com version 3.62
1545471124609	addons.xpi-utils	DEBUG	Make addon app-profile:cehomepage@mozillaonline.com visible
1545471124610	DeferredSave.extensions.json	DEBUG	Save changes
1545471124610	addons.manager	DEBUG	Registering startup change 'changed' for coba@mozilla.com.cn
1545471124610	addons.xpi	DEBUG	Loading bootstrap scope from C:\Users\mhf\AppData\Roaming\Mozilla\Firefox\Profiles\cv6txwo2.default\extensions\coba@mozilla.com.cn.xpi
1545471124612	addons.xpi	DEBUG	Calling bootstrap method uninstall on coba@mozilla.com.cn version 4.57
1545471124612	addons.xpi	DEBUG	Loading bootstrap scope from C:\Users\mhf\AppData\Local\Temp\rust_mozprofile.Ealdj40AY50f\extensions\coba@mozilla.com.cn.xpi
1545471124614	addons.xpi	DEBUG	Calling bootstrap method install on coba@mozilla.com.cn version 4.57
1545471124614	addons.xpi-utils	DEBUG	Make addon app-profile:coba@mozilla.com.cn visible
1545471124614	DeferredSave.extensions.json	DEBUG	Save changes
1545471124614	addons.manager	DEBUG	Registering startup change 'changed' for cpmanager@mozillaonline.com
1545471124615	addons.xpi	DEBUG	Loading bootstrap scope from C:\Users\mhf\AppData\Roaming\Mozilla\Firefox\Profiles\cv6txwo2.default\extensions\cpmanager@mozillaonline.com.xpi
1545471124616	addons.xpi	DEBUG	Calling bootstrap method uninstall on cpmanager@mozillaonline.com version 4.62.1
1545471124617	addons.xpi	DEBUG	Loading bootstrap scope from C:\Users\mhf\AppData\Local\Temp\rust_mozprofile.Ealdj40AY50f\extensions\cpmanager@mozillaonline.com.xpi
1545471124619	addons.xpi	DEBUG	Calling bootstrap method install on cpmanager@mozillaonline.com version 4.62.1
1545471124619	addons.xpi-utils	DEBUG	Make addon app-profile:cpmanager@mozillaonline.com visible
1545471124619	DeferredSave.extensions.json	DEBUG	Save changes
1545471124619	addons.manager	DEBUG	Registering startup change 'changed' for easyscreenshot@mozillaonline.com
1545471124619	addons.xpi	DEBUG	Loading bootstrap scope from C:\Users\mhf\AppData\Roaming\Mozilla\Firefox\Profiles\cv6txwo2.default\extensions\easyscreenshot@mozillaonline.com.xpi
1545471124621	addons.xpi	DEBUG	Calling bootstrap method uninstall on easyscreenshot@mozillaonline.com version 3.57
1545471124622	addons.xpi	DEBUG	Loading bootstrap scope from C:\Users\mhf\AppData\Local\Temp\rust_mozprofile.Ealdj40AY50f\extensions\easyscreenshot@mozillaonline.com.xpi
1545471124623	addons.xpi	DEBUG	Calling bootstrap method install on easyscreenshot@mozillaonline.com version 3.57
1545471124623	addons.xpi-utils	DEBUG	Make addon app-profile:easyscreenshot@mozillaonline.com visible
1545471124623	DeferredSave.extensions.json	DEBUG	Save changes
1545471124623	addons.manager	DEBUG	Registering startup change 'changed' for firebug@software.joehewitt.com
1545471124624	addons.xpi	DEBUG	Loading bootstrap scope from C:\Users\mhf\AppData\Roaming\Mozilla\Firefox\Profiles\cv6txwo2.default\extensions\firebug@software.joehewitt.com.xpi
1545471124628	addons.xpi	DEBUG	Calling bootstrap method uninstall on firebug@software.joehewitt.com version 2.0.19
1545471124628	addons.xpi	DEBUG	Loading bootstrap scope from C:\Users\mhf\AppData\Local\Temp\rust_mozprofile.Ealdj40AY50f\extensions\firebug@software.joehewitt.com.xpi
1545471124631	addons.xpi	DEBUG	Calling bootstrap method install on firebug@software.joehewitt.com version 2.0.19
1545471124631	addons.xpi-utils	DEBUG	Make addon app-profile:firebug@software.joehewitt.com visible
1545471124631	DeferredSave.extensions.json	DEBUG	Save changes
1545471124631	addons.manager	DEBUG	Registering startup change 'changed' for tabtweak@mozillaonline.com
1545471124632	addons.xpi	DEBUG	Loading bootstrap scope from C:\Users\mhf\AppData\Roaming\Mozilla\Firefox\Profiles\cv6txwo2.default\extensions\tabtweak@mozillaonline.com.xpi
1545471124633	addons.xpi	DEBUG	Calling bootstrap method uninstall on tabtweak@mozillaonline.com version 5.61
1545471124634	addons.xpi	DEBUG	Loading bootstrap scope from C:\Users\mhf\AppData\Local\Temp\rust_mozprofile.Ealdj40AY50f\extensions\tabtweak@mozillaonline.com.xpi
1545471124635	addons.xpi	DEBUG	Calling bootstrap method install on tabtweak@mozillaonline.com version 5.61
1545471124636	addons.xpi-utils	DEBUG	Make addon app-profile:tabtweak@mozillaonline.com visible
1545471124636	DeferredSave.extensions.json	DEBUG	Save changes
1545471124636	addons.manager	DEBUG	Registering startup change 'changed' for wx-assistant@mozillaonline.com
1545471124636	addons.xpi	DEBUG	Loading bootstrap scope from C:\Users\mhf\AppData\Roaming\Mozilla\Firefox\Profiles\cv6txwo2.default\extensions\wx-assistant@mozillaonline.com.xpi
1545471124638	addons.xpi	DEBUG	Calling bootstrap method uninstall on wx-assistant@mozillaonline.com version 2.59
1545471124638	addons.xpi	DEBUG	Loading bootstrap scope from C:\Users\mhf\AppData\Local\Temp\rust_mozprofile.Ealdj40AY50f\extensions\wx-assistant@mozillaonline.com.xpi
1545471124640	addons.xpi	DEBUG	Calling bootstrap method install on wx-assistant@mozillaonline.com version 2.59
1545471124640	addons.xpi-utils	DEBUG	Make addon app-profile:wx-assistant@mozillaonline.com visible
1545471124640	DeferredSave.extensions.json	DEBUG	Save changes
1545471124640	addons.manager	DEBUG	Registering startup change 'changed' for FireXPath@pierre.tholence.com
1545471124641	addons.xpi-utils	DEBUG	Make addon app-profile:FireXPath@pierre.tholence.com visible
1545471124641	DeferredSave.extensions.json	DEBUG	Save changes
1545471124641	addons.manager	DEBUG	Registering startup change 'changed' for {02450914-cdd9-410f-b1da-db004e18c671}
1545471124641	addons.xpi-utils	DEBUG	Make addon app-profile:{02450914-cdd9-410f-b1da-db004e18c671} visible
1545471124641	DeferredSave.extensions.json	DEBUG	Save changes
1545471124641	addons.xpi-utils	DEBUG	Make addon app-system-defaults:loop@mozilla.org visible
1545471124642	DeferredSave.extensions.json	DEBUG	Save changes
1545471124642	addons.xpi-utils	DEBUG	Make addon app-global:{972ce4c6-7e08-4474-a285-3208198ce6fd} visible
1545471124642	DeferredSave.extensions.json	DEBUG	Save changes
1545471124642	addons.xpi	DEBUG	Updating XPIState for {"id":"cehomepage@mozillaonline.com","syncGUID":"2jacGUWzVsgp","location":"app-profile","version":"3.62","type":"webextension","internalName":null,"updateURL":"https://addons.firefox.com.cn/chinaedition/addons/updates.json?reqVersion=%REQ_VERSION%&id=%ITEM_ID%&version=%ITEM_VERSION%&maxAppVersion=%ITEM_MAXAPPVERSION%&status=%ITEM_STATUS%&appID=%APP_ID%&appVersion=%APP_VERSION%&appOS=%APP_OS%&appABI=%APP_ABI%&locale=%APP_LOCALE%&currentAppVersion=%CURRENT_APP_VERSION%&updateType=%UPDATE_TYPE%&compatMode=%COMPATIBILITY_MODE%","updateKey":null,"optionsURL":null,"optionsType":null,"aboutURL":null,"icons":{"48":"icons/icon-48.png","64":"icons/icon-64.png"},"iconURL":null,"icon64URL":null,"defaultLocale":{"name":"Firefox Homepage","description":"Customizied Home Page for Firefox","creator":null,"homepageURL":null,"developers":null,"translators":null,"contributors":null},"visible":true,"active":false,"userDisabled":true,"appDisabled":false,"descriptor":"C:\\Users\\mhf\\AppData\\Local\\Temp\\rust_mozprofile.Ealdj40AY50f\\extensions\\cehomepage@mozillaonline.com.xpi","installDate":1536489568713,"updateDate":1545471122788,"applyBackgroundUpdates":1,"bootstrap":true,"skinnable":false,"size":100566,"sourceURI":null,"releaseNotesURI":null,"softDisabled":false,"foreignInstall":false,"hasBinaryComponents":false,"strictCompatibility":true,"locales":[{"name":"火狐主页","description":"火狐定制主页，包括最近访问页面、最常访问页面以及新标签页等","creator":null,"homepageURL":null,"developers":null,"translators":null,"contributors":null,"locales":["zh-CN"]},{"name":"Firefox Homepage","description":"Customizied Home Page for Firefox","creator":null,"homepageURL":null,"developers":null,"translators":null,"contributors":null,"locales":["en-US"]}],"targetApplications":[{"id":"toolkit@mozilla.org","minVersion":"42.0a1","maxVersion":"*"}],"targetPlatforms":[],"multiprocessCompatible":true,"signedState":2,"seen":true}
1545471124642	addons.xpi	DEBUG	Updating XPIState for {"id":"coba@mozilla.com.cn","syncGUID":"QasnHYkoZUop","location":"app-profile","version":"4.57","type":"webextension","internalName":null,"updateURL":"https://addons.firefox.com.cn/chinaedition/addons/updates.json","updateKey":null,"optionsURL":null,"optionsType":null,"aboutURL":null,"icons":{"48":"icons/icon-48.png","64":"icons/icon-64.png"},"iconURL":null,"icon64URL":null,"defaultLocale":{"name":"COBA","description":"China Online Banking Assistant","creator":null,"homepageURL":null,"developers":null,"translators":null,"contributors":null},"visible":true,"active":false,"userDisabled":true,"appDisabled":false,"descriptor":"C:\\Users\\mhf\\AppData\\Local\\Temp\\rust_mozprofile.Ealdj40AY50f\\extensions\\coba@mozilla.com.cn.xpi","installDate":1525509419862,"updateDate":1545471122789,"applyBackgroundUpdates":1,"bootstrap":true,"skinnable":false,"size":55643,"sourceURI":null,"releaseNotesURI":null,"softDisabled":false,"foreignInstall":false,"hasBinaryComponents":false,"strictCompatibility":true,"locales":[{"name":"网银支付助手","description":"为火狐用户提供支付帮助","creator":null,"homepageURL":null,"developers":null,"translators":null,"contributors":null,"locales":["zh-CN"]},{"name":"COBA","description":"China Online Banking Assistant","creator":null,"homepageURL":null,"developers":null,"translators":null,"contributors":null,"locales":["en-US"]}],"targetApplications":[{"id":"toolkit@mozilla.org","minVersion":"42.0a1","maxVersion":"*"}],"targetPlatforms":[],"multiprocessCompatible":true,"signedState":2,"seen":true}
1545471124643	addons.xpi	DEBUG	Updating XPIState for {"id":"cpmanager@mozillaonline.com","syncGUID":"RcA6YKIo8O79","location":"app-profile","version":"4.62.1","type":"webextension","internalName":null,"updateURL":"https://addons.firefox.com.cn/chinaedition/addons/updates.json?reqVersion=%REQ_VERSION%&id=%ITEM_ID%&version=%ITEM_VERSION%&maxAppVersion=%ITEM_MAXAPPVERSION%&status=%ITEM_STATUS%&appID=%APP_ID%&appVersion=%APP_VERSION%&appOS=%APP_OS%&appABI=%APP_ABI%&locale=%APP_LOCALE%&currentAppVersion=%CURRENT_APP_VERSION%&updateType=%UPDATE_TYPE%&compatMode=%COMPATIBILITY_MODE%","updateKey":null,"optionsURL":null,"optionsType":null,"aboutURL":null,"icons":{},"iconURL":null,"icon64URL":null,"defaultLocale":{"name":"Addons Manager","description":"To manage the addons package in Firefox.","creator":null,"homepageURL":null,"developers":null,"translators":null,"contributors":null},"visible":true,"active":false,"userDisabled":true,"appDisabled":false,"descriptor":"C:\\Users\\mhf\\AppData\\Local\\Temp\\rust_mozprofile.Ealdj40AY50f\\extensions\\cpmanager@mozillaonline.com.xpi","installDate":1536489568935,"updateDate":1545471122791,"applyBackgroundUpdates":1,"bootstrap":true,"skinnable":false,"size":145630,"sourceURI":null,"releaseNotesURI":null,"softDisabled":false,"foreignInstall":false,"hasBinaryComponents":false,"strictCompatibility":true,"locales":[{"name":"附加组件管理器","description":"用来管理火狐的附加组件系统。","creator":null,"homepageURL":null,"developers":null,"translators":null,"contributors":null,"locales":["zh-CN"]},{"name":"Addons Manager","description":"To manage the addons package in Firefox.","creator":null,"homepageURL":null,"developers":null,"translators":null,"contributors":null,"locales":["en-US"]}],"targetApplications":[{"id":"toolkit@mozilla.org","minVersion":"42.0a1","maxVersion":"*"}],"targetPlatforms":[],"multiprocessCompatible":true,"signedState":2,"seen":true}
1545471124643	addons.xpi	DEBUG	Updating XPIState for {"id":"easyscreenshot@mozillaonline.com","syncGUID":"0eSCQ_DXJHqu","location":"app-profile","version":"3.57","type":"webextension","internalName":null,"updateURL":null,"updateKey":null,"optionsURL":null,"optionsType":null,"aboutURL":null,"icons":{"48":"icons/icon-48.png","64":"icons/icon-64.png"},"iconURL":null,"icon64URL":null,"defaultLocale":{"name":"Easy Screenshot","description":"You can capture a screen shot by selecting an area or capture the whole/visible webpage. Then edit and save it as an image file.","creator":null,"homepageURL":null,"developers":null,"translators":null,"contributors":null},"visible":true,"active":false,"userDisabled":true,"appDisabled":false,"descriptor":"C:\\Users\\mhf\\AppData\\Local\\Temp\\rust_mozprofile.Ealdj40AY50f\\extensions\\easyscreenshot@mozillaonline.com.xpi","installDate":1525509419904,"updateDate":1545471122793,"applyBackgroundUpdates":1,"bootstrap":true,"skinnable":false,"size":160220,"sourceURI":null,"releaseNotesURI":null,"softDisabled":false,"foreignInstall":false,"hasBinaryComponents":false,"strictCompatibility":true,"locales":[{"name":"Easy Screenshot","description":"Вы можете сделать снимок экрана, выбрав область или захватить всю / видимую веб-страницу. Затем отредактировать и сохранить его в виде файла изображения.","creator":null,"homepageURL":null,"developers":null,"translators":null,"contributors":null,"locales":["ru-RU"]},{"name":"网页截图","description":"方便的截图工具，支持任意选定区域截图、全网页截图等多种截图方式，并提供必要的图片编辑功能。","creator":null,"homepageURL":null,"developers":null,"translators":null,"contributors":null,"locales":["zh-CN"]},{"name":"Easy Screenshot","description":"You can capture a screen shot by selecting an area or capture the whole/visible webpage. Then edit and save it as an image file.","creator":null,"homepageURL":null,"developers":null,"translators":null,"contributors":null,"locales":["en-US"]}],"targetApplications":[{"id":"toolkit@mozilla.org","minVersion":"42.0a1","maxVersion":"*"}],"targetPlatforms":[],"multiprocessCompatible":true,"signedState":2,"seen":true}
1545471124643	addons.xpi	DEBUG	Updating XPIState for {"id":"firebug@software.joehewitt.com","syncGUID":"HY4pbOrZw5ek","location":"app-profile","version":"2.0.19","type":"extension","internalName":null,"updateURL":null,"updateKey":null,"optionsURL":null,"optionsType":null,"aboutURL":null,"icons":{},"iconURL":"chrome://firebug/skin/firebugBig.png","icon64URL":null,"defaultLocale":{"name":"Firebug","description":"Web Development Evolved. Firebug is free and open source software distributed under the BSD License.","creator":"Joe Hewitt","homepageURL":"http://www.getfirebug.com/","translators":["Leszek(teo)Zyczkowski (pl-PL)","markh (nl)","peter3 (sv-SE)","AlleyKat (da-DK)","Hector Zhao, lovelywcm (zh-CN)","Lukas Kucharczyk, Michal Kec (cs-CZ)","Team erweiterungen.de, ReinekeFux, Benedikt Langens, Sebastian Zartner (de-DE)","l0stintranslation, gonzalopirobutirro, Luigi Grilli (it-IT)","alexxed (ro-RO)","Nicolas Martin, Franck Marcia (fr-FR)","gLes (hu-HU)","Xavi Ivars - Softcatala (ca)","gezmen (tr-TR)","eternoendless (es-AR)","Dark Preacher (ru)","Tiago Oliveira, Diego de Carvalho Zimmermann, Alexandre Rapaki (pt-BR)","Juan Botias, Alvaro G. Vicario (es-ES)","Andriy Zhouck (uk-UA)","Hisateru Tanaka, k2jp (ja-JP)","Mohsen Shadroo (fa-IR)","Eduard Babayan (hy-AM)","Helder Magalhaes (pt-PT)","Tomaz Macus (sl-SI)","Stoyan Stefanov, Alexander Shopov (bg)","Kristjan Bjarni Guomundsson (is-IS)","NGUYEN Manh Hung (vi-VN)","Bwah (hr-HR)","Sonickydon (el)","David Gonzales (es)","DakSrbija (sr)","bootleq (zh-TW)","Asier Iturralde Sarasola, Julen Irazoki Oteiza (eu)"],"contributors":["John J. Barton (IBM Almaden)","Jan Odvarko (Mozilla Corp.)","Max Stepanov (Aptana Inc.)","Rob Campbell (Mozilla Corp.)","Hans Hillen (Paciello Group, Mozilla)","Curtis Bartley (Mozilla Corp.)","Mike Collins (IBM Almaden)","Kevin Decker","Mike Ratcliffe (Mozilla Corp.)","Hernan Rodriguez Colmeiro","Austin Andrews","Christoph Dorn","Steven Roussey (Illuminations for Developers)","Sebastian Zartner","Harutyun Amirjanyan","Simon Lindholm","Stampolidis Anastasios","Joe Walker (Mozilla Corp.)","Vladimir Zhuravlev","Farshid Beheshti","Leon Sorokin","Florent Fayolle","Hector Zhao","Bharath Thiruveedula","Nathan Mische","Belakhdar Abdeldjalil","Jakob Kaltenbrunner"]},"visible":true,"active":true,"userDisabled":false,"appDisabled":false,"descriptor":"C:\\Users\\mhf\\AppData\\Local\\Temp\\rust_mozprofile.Ealdj40AY50f\\extensions\\firebug@software.joehewitt.com.xpi","installDate":1537580196282,"updateDate":1545471122827,"applyBackgroundUpdates":1,"bootstrap":true,"skinnable":false,"size":9681994,"sourceURI":null,"releaseNotesURI":null,"softDisabled":false,"foreignInstall":false,"hasBinaryComponents":false,"strictCompatibility":false,"locales":[],"targetApplications":[{"id":"toolkit@mozilla.org","minVersion":"30.0a1","maxVersion":"54.0"},{"id":"{ec8030f7-c20a-464f-9b0e-13a3a9e97384}","minVersion":"30.0a1","maxVersion":"54.0"}],"targetPlatforms":[],"multiprocessCompatible":true,"signedState":2,"seen":true}
1545471124643	addons.xpi	DEBUG	Updating XPIState for {"id":"tabtweak@mozillaonline.com","syncGUID":"Gd5aLeWMFg9Y","location":"app-profile","version":"5.61","type":"webextension","internalName":null,"updateURL":"https://addons.firefox.com.cn/chinaedition/addons/updates.json?reqVersion=%REQ_VERSION%&id=%ITEM_ID%&version=%ITEM_VERSION%&maxAppVersion=%ITEM_MAXAPPVERSION%&status=%ITEM_STATUS%&appID=%APP_ID%&appVersion=%APP_VERSION%&appOS=%APP_OS%&appABI=%APP_ABI%&locale=%APP_LOCALE%&currentAppVersion=%CURRENT_APP_VERSION%&updateType=%UPDATE_TYPE%&compatMode=%COMPATIBILITY_MODE%","updateKey":null,"optionsURL":null,"optionsType":null,"aboutURL":null,"icons":{"48":"icons/icon-48.png","64":"icons/icon-64.png"},"iconURL":null,"icon64URL":null,"defaultLocale":{"name":"Tab Tweak","description":"Tweak tab browsing by setting default behaviors.","creator":null,"homepageURL":null,"developers":null,"translators":null,"contributors":null},"visible":true,"active":false,"userDisabled":true,"appDisabled":false,"descriptor":"C:\\Users\\mhf\\AppData\\Local\\Temp\\rust_mozprofile.Ealdj40AY50f\\extensions\\tabtweak@mozillaonline.com.xpi","installDate":1530628191405,"updateDate":1545471122829,"applyBackgroundUpdates":1,"bootstrap":true,"skinnable":false,"size":20074,"sourceURI":null,"releaseNotesURI":null,"softDisabled":false,"foreignInstall":false,"hasBinaryComponents":false,"strictCompatibility":true,"locales":[{"name":"标签页优化","description":"设置打开链接和关闭标签的默认行为，方便使用。","creator":null,"homepageURL":null,"developers":null,"translators":null,"contributors":null,"locales":["zh-CN"]},{"name":"Tab Tweak","description":"Tweak tab browsing by setting default behaviors.","creator":null,"homepageURL":null,"developers":null,"translators":null,"contributors":null,"locales":["en-US"]}],"targetApplications":[{"id":"toolkit@mozilla.org","minVersion":"42.0a1","maxVersion":"*"}],"targetPlatforms":[],"multiprocessCompatible":true,"signedState":2,"seen":true}
1545471124643	addons.xpi	DEBUG	Updating XPIState for {"id":"wx-assistant@mozillaonline.com","syncGUID":"e3bZEXxH_rRt","location":"app-profile","version":"2.59","type":"webextension","internalName":null,"updateURL":"https://addons.firefox.com.cn/chinaedition/addons/updates.json","updateKey":null,"optionsURL":null,"optionsType":null,"aboutURL":null,"icons":{"32":"icons/icon-32.png","64":"icons/icon-64.png"},"iconURL":null,"icon64URL":null,"defaultLocale":{"name":"WeChat Helper by MoCoCN","description":"Access Web WeChat by one click","creator":null,"homepageURL":null,"developers":null,"translators":null,"contributors":null},"visible":true,"active":false,"userDisabled":true,"appDisabled":false,"descriptor":"C:\\Users\\mhf\\AppData\\Local\\Temp\\rust_mozprofile.Ealdj40AY50f\\extensions\\wx-assistant@mozillaonline.com.xpi","installDate":1525509420030,"updateDate":1545471122830,"applyBackgroundUpdates":1,"bootstrap":true,"skinnable":false,"size":24469,"sourceURI":null,"releaseNotesURI":null,"softDisabled":false,"foreignInstall":false,"hasBinaryComponents":false,"strictCompatibility":true,"locales":[{"name":"微信网页版助手","description":"一键打开微信网页版，同时在微信有新消息时给出及时的消息提醒","creator":null,"homepageURL":null,"developers":null,"translators":null,"contributors":null,"locales":["zh-CN"]},{"name":"WeChat Helper by MoCoCN","description":"Access Web WeChat by one click","creator":null,"homepageURL":null,"developers":null,"translators":null,"contributors":null,"locales":["en-US"]}],"targetApplications":[{"id":"toolkit@mozilla.org","minVersion":"42.0a1","maxVersion":"*"}],"targetPlatforms":[],"multiprocessCompatible":true,"signedState":2,"seen":true}
1545471124643	addons.xpi	DEBUG	Updating XPIState for {"id":"FireXPath@pierre.tholence.com","syncGUID":"W1yYH6FzrRmP","location":"app-profile","version":"0.9.7.1.1-signed.1-signed","type":"extension","internalName":null,"updateURL":null,"updateKey":null,"optionsURL":null,"optionsType":null,"aboutURL":null,"icons":{},"iconURL":"chrome://firepath/content/FirePath.png","icon64URL":null,"defaultLocale":{"name":"FirePath","description":"FirePath is a Firebug extension that adds a development tool to edit, inspect and generate XPath 1.0 expressions, CSS 3 selectors and JQuery selectors.","creator":"Pierre Tholence","homepageURL":null,"contributors":["David Rees"]},"visible":true,"active":true,"userDisabled":false,"appDisabled":false,"descriptor":"C:\\Users\\mhf\\AppData\\Local\\Temp\\rust_mozprofile.Ealdj40AY50f\\extensions\\FireXPath@pierre.tholence.com.xpi","installDate":1537622082023,"updateDate":1545471122828,"applyBackgroundUpdates":1,"bootstrap":false,"skinnable":false,"size":168435,"sourceURI":null,"releaseNotesURI":null,"softDisabled":false,"foreignInstall":false,"hasBinaryComponents":false,"strictCompatibility":false,"locales":[],"targetApplications":[{"id":"{ec8030f7-c20a-464f-9b0e-13a3a9e97384}","minVersion":"4.0","maxVersion":"34.*"}],"targetPlatforms":[],"multiprocessCompatible":false,"signedState":2,"seen":true}
1545471124643	addons.xpi	DEBUG	Updating XPIState for {"id":"{02450914-cdd9-410f-b1da-db004e18c671}","syncGUID":"FfwhYPWD1WJg","location":"app-profile","version":"0.99.12","type":"extension","internalName":null,"updateURL":null,"updateKey":null,"optionsURL":"chrome://screengrab/content/preferences.xul","optionsType":null,"aboutURL":null,"icons":{},"iconURL":"chrome://screengrab/skin/screengrab_icon.gif","icon64URL":null,"defaultLocale":{"name":"Screengrab (fix version)","description":"Saves a web-page as an image.","creator":"Oleksandr Popov","homepageURL":"http://www.s3blog.org/screengrab.html","contributors":["Andy Mutton (Author original Screengrab)","Jean-Bernard 'Goofy' Marcon from babelzilla.org (Help with locales)","All of the guys at babelzilla.org (Translations)","Dominic Letz (SecurityException bug fix)","vboriesazeau (Pointing out the deprecated getBoxObjectFor call)","TeliuTe (Create Simplified Chinese Language Pack)","Kurt Lucas (Settings fix)","Marcin Lisson (Translation to German)","pulsmz (Create Japanese Language Pack)","Carlos Villarrubia (Translation to Spain)","Dean Guan (Translation to Traditional Chinese)","Alexandre Magno (Translation to Brazilian Portuguese)"]},"visible":true,"active":true,"userDisabled":false,"appDisabled":false,"descriptor":"C:\\Users\\mhf\\AppData\\Local\\Temp\\rust_mozprofile.Ealdj40AY50f\\extensions\\{02450914-cdd9-410f-b1da-db004e18c671}.xpi","installDate":1538345143992,"updateDate":1545471122834,"applyBackgroundUpdates":1,"bootstrap":false,"skinnable":false,"size":410814,"sourceURI":null,"releaseNotesURI":null,"softDisabled":false,"foreignInstall":false,"hasBinaryComponents":false,"strictCompatibility":false,"locales":[],"targetApplications":[{"id":"{ec8030f7-c20a-464f-9b0e-13a3a9e97384}","minVersion":"4.0","maxVersion":"56.*"},{"id":"{92650c4d-4b8e-4d2a-b7eb-24ecf4f6b63a}","minVersion":"2.0","maxVersion":"2.54"},{"id":"{8de7fcbb-c55c-4fbe-bfc5-fc555c87dbc4}","minVersion":"24.0","maxVersion":"29.*"}],"targetPlatforms":[],"multiprocessCompatible":false,"signedState":2,"seen":true}
1545471124644	addons.xpi	DEBUG	Updating XPIState for {"id":"loop@mozilla.org","syncGUID":"HxUlEEWV1idh","location":"app-system-defaults","version":"0.1","type":"extension","internalName":null,"updateURL":null,"updateKey":null,"optionsURL":null,"optionsType":null,"aboutURL":null,"icons":{},"iconURL":null,"icon64URL":null,"defaultLocale":{"name":"Firefox Hello Beta","description":"Web sharing for Firefox","creator":"Mozilla","homepageURL":null},"visible":true,"active":false,"userDisabled":true,"appDisabled":false,"descriptor":"C:\\Program Files\\Mozilla Firefox45\\browser\\features\\loop@mozilla.org.xpi","installDate":1457059299778,"updateDate":1457059299778,"applyBackgroundUpdates":1,"bootstrap":true,"skinnable":false,"size":3086125,"sourceURI":null,"releaseNotesURI":null,"softDisabled":false,"foreignInstall":false,"hasBinaryComponents":false,"strictCompatibility":false,"locales":[],"targetApplications":[{"id":"{ec8030f7-c20a-464f-9b0e-13a3a9e97384}","minVersion":"45.0a1","maxVersion":"45.0"},{"id":"xpcshell@tests.mozilla.org","minVersion":"0","maxVersion":"10"}],"targetPlatforms":[],"multiprocessCompatible":false,"seen":true}
1545471124644	addons.xpi	DEBUG	Updating XPIState for {"id":"{972ce4c6-7e08-4474-a285-3208198ce6fd}","syncGUID":"G7sBxcAhIxg6","location":"app-global","version":"45.0","type":"theme","internalName":"classic/1.0","updateURL":null,"updateKey":null,"optionsURL":null,"optionsType":null,"aboutURL":null,"icons":{"32":"icon.png","48":"icon.png"},"iconURL":null,"icon64URL":null,"defaultLocale":{"name":"Default","description":"The default theme.","creator":"Mozilla","homepageURL":null,"contributors":["Mozilla Contributors"]},"visible":true,"active":true,"userDisabled":false,"appDisabled":false,"descriptor":"C:\\Program Files\\Mozilla Firefox45\\browser\\extensions\\{972ce4c6-7e08-4474-a285-3208198ce6fd}.xpi","installDate":1457059299662,"updateDate":1457059299662,"applyBackgroundUpdates":1,"skinnable":true,"size":22006,"sourceURI":null,"releaseNotesURI":null,"softDisabled":false,"foreignInstall":false,"hasBinaryComponents":false,"strictCompatibility":true,"locales":[],"targetApplications":[{"id":"{ec8030f7-c20a-464f-9b0e-13a3a9e97384}","minVersion":"45.0","maxVersion":"45.0"}],"targetPlatforms":[],"seen":true}
1545471124644	DeferredSave.extensions.json	DEBUG	Save changes
1545471124644	addons.xpi	DEBUG	Updating database with changes to installed add-ons
1545471124644	addons.xpi-utils	DEBUG	Updating add-on states
1545471124648	addons.xpi-utils	DEBUG	Writing add-ons list
1545471124655	addons.xpi	DEBUG	Registering manifest for C:\Users\mhf\AppData\Local\Temp\rust_mozprofile.Ealdj40AY50f\extensions\firebug@software.joehewitt.com.xpi
1545471124656	addons.xpi	DEBUG	Calling bootstrap method startup on firebug@software.joehewitt.com version 2.0.19
1545471124666	addons.manager	DEBUG	Registering shutdown blocker for XPIProvider
1545471124666	addons.manager	DEBUG	Provider finished startup: XPIProvider
1545471124666	addons.manager	DEBUG	Starting provider: LightweightThemeManager
1545471124666	addons.manager	DEBUG	Registering shutdown blocker for LightweightThemeManager
1545471124666	addons.manager	DEBUG	Provider finished startup: LightweightThemeManager
1545471124667	addons.manager	DEBUG	Starting provider: GMPProvider
1545471124678	addons.manager	DEBUG	Registering shutdown blocker for GMPProvider
1545471124678	addons.manager	DEBUG	Provider finished startup: GMPProvider
1545471124678	addons.manager	DEBUG	Starting provider: PluginProvider
1545471124678	addons.manager	DEBUG	Registering shutdown blocker for PluginProvider
1545471124678	addons.manager	DEBUG	Provider finished startup: PluginProvider
1545471124679	addons.manager	DEBUG	Completed startup sequence
[GFX1]: Potential driver version mismatch ignored due to missing DLLs
1545471124926	addons.manager	DEBUG	Starting provider: <unnamed-provider>
1545471124926	addons.manager	DEBUG	Registering shutdown blocker for <unnamed-provider>
1545471124927	addons.manager	DEBUG	Provider finished startup: <unnamed-provider>
1545471124975	DeferredSave.extensions.json	DEBUG	Starting timer
1545471124987	addons.manager	DEBUG	Starting provider: PreviousExperimentProvider
1545471124987	addons.manager	DEBUG	Registering shutdown blocker for PreviousExperimentProvider
1545471124987	addons.manager	DEBUG	Provider finished startup: PreviousExperimentProvider
1545471125019	DeferredSave.extensions.json	DEBUG	Starting write
1545471125050	DeferredSave.extensions.json	DEBUG	Write succeeded
JavaScript error: https://www.hongkunjinfu.com/, line 207: ReferenceError: clickclose is not defined
JavaScript error: https://www.hongkunjinfu.com/, line 207: ReferenceError: clickclose is not defined
1545471127497 Marionette: Element is missing an accesible name -> id: login, tagName: INPUT, className: login_input
1545471127648 Marionette: Element does not have a correct accessibility role and may not be manipulated via the accessibility API -> id: password, tagName: INPUT, className: login_input
1545471127695 Marionette: Element does not have a correct accessibility role and may not be manipulated via the accessibility API -> id: , tagName: DIV, className: login_button login_gradient
JavaScript error: https://www.hongkunjinfu.com/index.do?method=getIndexPage, line 207: ReferenceError: clickclose is not defined
1545471129743	addons.xpi	DEBUG	Calling bootstrap method shutdown on firebug@software.joehewitt.com version 2.0.19
